[2022-09-22T10:56:52.466447-03:00] webcrypto-logs.INFO: Passei Aqui [] []
[2022-09-22T10:59:15.680332-03:00] webcrypto-logs.INFO: Passei Aqui 2 [] []
[2022-09-22T11:00:50.524403-03:00] webcrypto-logs.INFO: Nova busca de usuário! [] []
[2022-09-22T11:04:19.342220-03:00] webcrypto-logs.INFO: Passei Aqui 2 [] []
[2022-09-22T11:09:45.099632-03:00] webcrypto-logs.INFO: Listagem de Usuários [] []
[2022-09-22T11:11:00.000203-03:00] webcrypto-logs.INFO: Novo usuário cadastrado [] []
[2022-09-22T11:19:42.900748-03:00] webcrypto-logs.INFO: Novo usuário cadastrado [] []
[2022-09-22T11:22:45.907714-03:00] webcrypto-logs.INFO: Novo usuário cadastrado [] []
[2022-09-22T11:24:19.465963-03:00] webcrypto-logs.INFO: Nova conta criada:  [] []
[2022-09-22T11:24:19.512946-03:00] webcrypto-logs.INFO: Novo usuário cadastrado [] []
[2022-09-22T11:25:10.594656-03:00] webcrypto-logs.INFO: Nova conta criada:  [] []
[2022-09-22T11:25:10.641055-03:00] webcrypto-logs.INFO: Novo usuário cadastrado [] []
[2022-09-22T11:26:01.472282-03:00] webcrypto-logs.INFO: Nova conta criada:  [] []
[2022-09-22T11:26:01.518664-03:00] webcrypto-logs.INFO: Novo usuário cadastrado [] []
[2022-09-22T11:26:32.235901-03:00] webcrypto-logs.INFO: Nova conta criada: Array [] []
[2022-09-22T11:26:32.283273-03:00] webcrypto-logs.INFO: Novo usuário cadastrado [] []
[2022-09-22T11:26:54.939209-03:00] webcrypto-logs.INFO: Nova conta criada: 51 [] []
[2022-09-22T11:26:54.986495-03:00] webcrypto-logs.INFO: Novo usuário cadastrado [] []
[2022-09-22T11:27:33.448817-03:00] webcrypto-logs.INFO: Nova conta criada:  [] []
[2022-09-22T11:27:33.498403-03:00] webcrypto-logs.INFO: Novo usuário cadastrado [] []
[2022-09-22T11:28:03.554471-03:00] webcrypto-logs.INFO: Nova conta criada: 4239 [] []
[2022-09-22T11:28:03.601718-03:00] webcrypto-logs.INFO: Novo usuário cadastrado [] []
[2022-09-22T11:46:30.738674-03:00] webcrypto-logs.INFO: Nova conta criada: 2498 [] []
[2022-09-22T11:46:30.784518-03:00] webcrypto-logs.INFO: Novo usuário cadastrado [] []
[2022-09-22T11:46:54.843711-03:00] webcrypto-logs.INFO: Nova conta criada: 7589 [] []
[2022-09-22T11:46:54.888618-03:00] webcrypto-logs.INFO: Novo usuário cadastrado [] []
[2022-09-22T11:47:41.890255-03:00] webcrypto-logs.INFO: Nova Transferência Realizada da conta2498para a conta 7589no valor de 1000 [] []
[2022-09-22T11:48:16.494030-03:00] webcrypto-logs.INFO: Nova Transferência Realizada da conta2498para a conta 7589no valor de 150 [] []
[2022-09-22T11:51:23.496893-03:00] webcrypto-logs.INFO: Falha na transferência. Saldo insuficiente! Seu Saldo é de:  1100 e o valor solicitado na transferência foi de: 10000 [] []
[2022-09-22T11:52:05.406040-03:00] webcrypto-logs.INFO: Falha na transferência. Saldo insuficiente! Seu Saldo é de R$1100 e o valor solicitado na transferência foi de R$10000 [] []
[2022-09-22T11:53:42.115078-03:00] webcrypto-logs.INFO: Nova Transferência Realizada da conta2498para a conta 7589no valor de 10 [] []
[2022-09-22T11:54:12.503240-03:00] webcrypto-logs.INFO: Nova Transferência Realizada da conta2498para a conta 7589no valor de 10 [] []
[2022-09-22T11:54:35.584218-03:00] webcrypto-logs.INFO: Nova Transferência Realizada da conta 2498 para a conta 7589 no valor de R$10 [] []
[2022-09-22T16:00:14.530541-03:00] webcrypto-logs.INFO: Listagem de Usuários [] []
[2022-09-22T16:01:17.507798-03:00] webcrypto-logs.INFO: Transação deposito realizada com sucesso. Valor: R$ 1250 [] []
[2022-09-22T16:01:35.082232-03:00] webcrypto-logs.INFO: Nova Transferência Realizada da conta 2498 para a conta 7589 no valor de R$250 [] []
[2022-09-22T16:02:32.685698-03:00] webcrypto-logs.INFO: Nova conta criada: 6529 [] []
[2022-09-22T16:02:32.731995-03:00] webcrypto-logs.INFO: Novo usuário cadastrado [] []
[2022-09-22T16:03:14.886406-03:00] webcrypto-logs.INFO: Falha na transferência. Saldo insuficiente! Seu Saldo é de R$2070 e o valor solicitado na transferência foi de R$250000 [] []
[2022-09-22T16:18:14.974595-03:00] webcrypto-logs.INFO: Nova conta criada: 558 [] []
[2022-09-22T16:18:15.022837-03:00] webcrypto-logs.INFO: Novo usuário cadastrado [] []
[2022-09-22T16:20:19.304975-03:00] webcrypto-logs.INFO: Nova conta criada: 6931 [] []
[2022-09-22T16:20:19.351030-03:00] webcrypto-logs.INFO: Novo usuário cadastrado [] []
[2022-09-22T16:21:40.914153-03:00] webcrypto-logs.INFO: Nova conta criada: 6341 [] []
[2022-09-22T16:22:22.731819-03:00] webcrypto-logs.INFO: Nova conta criada: 1808 [] []
[2022-09-22T16:22:22.731924-03:00] webcrypto-logs.INFO: Nova conta criada: TESTEEEE 1808 [] []
[2022-09-22T16:22:22.781422-03:00] webcrypto-logs.INFO: Novo usuário cadastrado [] []
[2022-09-22T16:24:15.751187-03:00] webcrypto-logs.INFO: Nova conta criada: 3625 [] []
[2022-09-22T16:24:15.751373-03:00] webcrypto-logs.INFO: Nova conta criada: {numeroConta} {"numeroConta":3625} []
[2022-09-22T16:24:15.798522-03:00] webcrypto-logs.INFO: Novo usuário cadastrado [] []
[2022-09-26T09:21:15.838832-03:00] webcrypto-logs.INFO: Transação saque realizada com sucesso. Valor: R$ 10 [] []
[2022-09-26T09:21:17.323574-03:00] webcrypto-logs.INFO: Transação saque realizada com sucesso. Valor: R$ 10 [] []
[2022-09-26T09:24:16.675469-03:00] webcrypto-logs.INFO: Transação {teste} saque realizada com sucesso. Valor: R$ 10 {"teste":123} []
[2022-09-26T09:27:50.245822-03:00] webcrypto-logs.INFO: Transação de {transaction_type} realizada com sucesso no valor de {valor} {"transaction_type":"saque"} []
[2022-09-27T08:39:13.204044-03:00] webcrypto-logs.INFO: Transação de {transaction_type} realizada com sucesso no valor de {valor} {"transaction_type":"saque"} []
[2022-09-27T08:42:32.387338-03:00] webcrypto-logs.INFO: Nova Transferência Realizada da conta 2498 para a conta 7589 no valor de R$10 [] []
[2022-09-27T08:42:43.971668-03:00] webcrypto-logs.INFO: Nova Transferência Realizada da conta 2498 para a conta 7589 no valor de R$10 [] []
[2022-09-27T08:42:48.378670-03:00] webcrypto-logs.INFO: Nova Transferência Realizada da conta 2498 para a conta 7589 no valor de R$10 [] []
[2022-09-27T10:18:04.718158-03:00] webcrypto-logs.INFO: Listagem de Usuários [] []
[2022-09-27T10:18:15.385114-03:00] webcrypto-logs.INFO: Nova conta criada: {numeroConta} {"numeroConta":8880} []
[2022-09-27T10:18:15.432307-03:00] webcrypto-logs.INFO: Novo usuário cadastrado [] []
[2022-09-27T10:18:17.740652-03:00] webcrypto-logs.INFO: Listagem de Usuários [] []
[2022-09-27T10:18:56.926008-03:00] webcrypto-logs.INFO: Listagem de Usuários [] []
[2022-09-27T10:19:40.172212-03:00] webcrypto-logs.INFO: Nova conta criada: {numeroConta} {"numeroConta":5505} []
[2022-09-27T10:19:40.219001-03:00] webcrypto-logs.INFO: Novo usuário cadastrado [] []
[2022-09-27T10:19:43.175986-03:00] webcrypto-logs.INFO: Listagem de Usuários [] []
[2022-09-27T10:20:16.020364-03:00] webcrypto-logs.INFO: Listagem de Usuários [] []
[2022-09-27T10:20:24.019926-03:00] webcrypto-logs.INFO: Listagem de Usuários [] []
[2022-09-27T10:23:08.184738-03:00] webcrypto-logs.INFO: Transação deposito realizada com sucesso. Valor: R$ 100 [] []
[2022-09-27T10:23:12.768191-03:00] webcrypto-logs.INFO: Transação saque realizada com sucesso. Valor: R$ 100 [] []
[2022-09-27T10:23:46.435474-03:00] webcrypto-logs.INFO: Transação deposito realizada com sucesso. Valor: R$ 100 [] []
[2022-09-27T10:25:23.279758-03:00] webcrypto-logs.INFO: Listagem de Usuários [] []
[2022-09-27T10:28:43.736311-03:00] webcrypto-logs.INFO: Nova Transferência Realizada da conta 5505 para a conta 7589 no valor de R$10 [] []
[2022-09-27T10:29:52.174366-03:00] webcrypto-logs.INFO: Nova Transferência Realizada da conta 5505 para a conta 8880 no valor de R$10 [] []
[2022-09-27T10:31:01.329795-03:00] webcrypto-logs.INFO: Falha na transferência. Saldo insuficiente! Seu Saldo é de R$80 e o valor solicitado na transferência foi de R$10555 [] []
[2022-09-27T10:34:21.489059-03:00] webcrypto-logs.INFO: Falha na transferência. Saldo insuficiente! Seu Saldo é de R$80 e o valor solicitado na transferência foi de R$10555 [] []
[2022-09-27T10:34:25.790134-03:00] webcrypto-logs.INFO: Nova Transferência Realizada da conta 5505 para a conta 88800 no valor de R$10 [] []
[2022-09-27T10:34:33.451489-03:00] webcrypto-logs.INFO: Nova Transferência Realizada da conta 5505 para a conta 8880 no valor de R$10 [] []
[2022-09-27T11:07:01.459994-03:00] webcrypto-logs.INFO: Nova Transferência Realizada da conta 5505 para a conta 8880 no valor de R$10 [] []
[2022-09-27T11:08:22.683945-03:00] webcrypto-logs.INFO: Nova Transferência Realizada da conta 5505 para a conta 88807 no valor de R$10 [] []
[2022-09-27T11:09:10.749353-03:00] webcrypto-logs.INFO: Nova Transferência Realizada da conta 5505 para a conta 8880 no valor de R$10 [] []
[2022-09-27T11:10:39.216994-03:00] webcrypto-logs.INFO: Nova Transferência Realizada da conta 5505 para a conta 8880 no valor de R$10 [] []
[2022-09-27T11:11:04.405038-03:00] webcrypto-logs.INFO: Nova Transferência Realizada da conta 5505 para a conta 8880 no valor de R$10 [] []
[2022-09-27T11:11:13.094042-03:00] webcrypto-logs.INFO: Falha na transferência. Saldo insuficiente! Seu Saldo é de R$10 e o valor solicitado na transferência foi de R$110 [] []
[2022-09-27T11:11:19.302106-03:00] webcrypto-logs.INFO: Transação deposito realizada com sucesso. Valor: R$ 100 [] []
[2022-09-27T12:28:21.935634-03:00] webcrypto-logs.INFO: Listagem de Usuários [] []
[2022-09-27T12:28:32.160075-03:00] webcrypto-logs.INFO: Transação saque realizada com sucesso. Valor: R$ 100 [] []
[2022-09-27T12:28:39.735092-03:00] webcrypto-logs.INFO: Falha na transferência. Saldo insuficiente! Seu Saldo é de R$10 e o valor solicitado na transferência foi de R$110 [] []
[2022-09-27T12:28:47.392679-03:00] webcrypto-logs.INFO: Nova Transferência Realizada da conta 5505 para a conta 8880 no valor de R$5 [] []
[2022-09-27T12:28:50.257367-03:00] webcrypto-logs.INFO: Listagem de Usuários [] []
[2022-09-27T14:57:51.996292-03:00] webcrypto-logs.INFO: Listagem de Usuários [] []
[2022-09-27T15:07:00.303478-03:00] webcrypto-logs.INFO: Listagem de Usuários [] []
[2022-09-27T15:07:31.046596-03:00] webcrypto-logs.INFO: Nova conta criada: {numeroConta} {"numeroConta":5923} []
[2022-09-27T15:07:31.097011-03:00] webcrypto-logs.INFO: Novo usuário cadastrado [] []
[2022-09-27T15:07:36.553697-03:00] webcrypto-logs.INFO: Listagem de Usuários [] []
[2022-09-27T15:08:41.540236-03:00] webcrypto-logs.INFO: Transação deposito realizada com sucesso. Valor: R$ 100 [] []
[2022-09-27T15:08:48.008064-03:00] webcrypto-logs.INFO: Transação saque realizada com sucesso. Valor: R$ 100 [] []
[2022-09-27T15:09:15.939761-03:00] webcrypto-logs.INFO: Transação deposito realizada com sucesso. Valor: R$ 100 [] []
[2022-09-27T15:09:55.919006-03:00] webcrypto-logs.INFO: Nova Transferência Realizada da conta 5505 para a conta 8880 no valor de R$5 [] []
[2022-09-27T15:10:18.625897-03:00] webcrypto-logs.INFO: Nova Transferência Realizada da conta 5505 para a conta 8880 no valor de R$100 [] []
[2022-09-27T15:10:31.522845-03:00] webcrypto-logs.INFO: Falha na transferência. Saldo insuficiente! Seu Saldo é de R$0 e o valor solicitado na transferência foi de R$150 [] []
